Deck has been generated
350r    Avenger    Carrack    Constellation    Hawk    Hornet    Hurricane    Idris    m50    Merchantman    Orion    Sabre    Vanguard    350r    Avenger    Carrack    Constellation    Hawk    Hornet    Hurricane    Idris    m50    Merchantman    Orion    Sabre    Vanguard    350r    Avenger    Carrack    Constellation    Hawk    Hornet    Hurricane    Idris    m50    Merchantman    Orion    Sabre    Vanguard    Avenger    
------------------
Deck has been shuffled
Carrack    Idris    Hawk    Constellation    Idris    m50    Sabre    Hawk    Sabre    Sabre    Vanguard    Avenger    Avenger    Merchantman    350r    m50    Carrack    350r    Hawk    Hurricane    m50    Vanguard    Merchantman    Constellation    Hurricane    Avenger    Vanguard    Hornet    Avenger    Hornet    350r    Orion    Hurricane    Idris    Carrack    Orion    Merchantman    Constellation    Hornet    Orion    
------------------
Hands dealt to players
User's hand
Carrack    m50    Vanguard    m50    m50    Avenger    350r    Orion    
Player 1's hand
Idris    Sabre    Avenger    Carrack    Vanguard    Vanguard    Orion    Merchantman    
Player 2's hand
Hawk    Hawk    Avenger    350r    Merchantman    Hornet    Hurricane    Constellation    
Player 3's hand
Constellation    Sabre    Merchantman    Hawk    Constellation    Avenger    Idris    Hornet    
Player 4's hand
Idris    Sabre    350r    Hurricane    Hurricane    Hornet    Carrack    Orion    
------------------

Current Cards in Play
Carrack    Idris    Hawk    Constellation    Idris    
------------------
Chosen category was Size
Values were: 6    8    1    4    8    
------------------

Communal pile
Carrack    Idris    Hawk    Constellation    Idris    
------------------
Player hands at the opening of round 2
User's hand
m50    Vanguard    m50    m50    Avenger    350r    Orion    
Player 1's hand
Sabre    Avenger    Carrack    Vanguard    Vanguard    Orion    Merchantman    
Player 2's hand
Hawk    Avenger    350r    Merchantman    Hornet    Hurricane    Constellation    
Player 3's hand
Sabre    Merchantman    Hawk    Constellation    Avenger    Idris    Hornet    
Player 4's hand
Sabre    350r    Hurricane    Hurricane    Hornet    Carrack    Orion    
------------------
