Deck has been generated
350r    Avenger    Carrack    Constellation    Hawk    Hornet    Hurricane    Idris    m50    Merchantman    Orion    Sabre    Vanguard    350r    Avenger    Carrack    Constellation    Hawk    Hornet    Hurricane    Idris    m50    Merchantman    Orion    Sabre    Vanguard    350r    Avenger    Carrack    Constellation    Hawk    Hornet    Hurricane    Idris    m50    Merchantman    Orion    Sabre    Vanguard    Avenger    
------------------
Deck has been shuffled
Constellation    m50    Hurricane    Idris    Sabre    Carrack    Vanguard    350r    Carrack    350r    m50    Hornet    Hurricane    Carrack    Hawk    Constellation    Idris    Avenger    Constellation    Vanguard    Hornet    Idris    Avenger    Hornet    350r    Sabre    Hurricane    Sabre    m50    Merchantman    Merchantman    Merchantman    Orion    Orion    Avenger    Hawk    Avenger    Vanguard    Hawk    Orion    
------------------
Hands dealt to players
User's hand
Constellation    Carrack    m50    Constellation    Hornet    Sabre    Merchantman    Hawk    
Player 1's hand
m50    Vanguard    Hornet    Idris    Idris    Hurricane    Merchantman    Avenger    
Player 2's hand
Hurricane    350r    Hurricane    Avenger    Avenger    Sabre    Orion    Vanguard    
Player 3's hand
Idris    Carrack    Carrack    Constellation    Hornet    m50    Orion    Hawk    
Player 4's hand
Sabre    350r    Hawk    Vanguard    350r    Merchantman    Avenger    Orion    
------------------

Current Cards in Play
Constellation    m50    Hurricane    Idris    Sabre    
------------------
Chosen category was Speed
Values were: 5    10    5    2    7    
------------------
Player hands at the opening of round 2
User's hand
Carrack    m50    Constellation    Hornet    Sabre    Merchantman    Hawk    
Player 1's hand
Vanguard    Hornet    Idris    Idris    Hurricane    Merchantman    Avenger    Constellation    m50    Hurricane    Idris    Sabre    
Player 2's hand
350r    Hurricane    Avenger    Avenger    Sabre    Orion    Vanguard    
Player 3's hand
Carrack    Carrack    Constellation    Hornet    m50    Orion    Hawk    
Player 4's hand
350r    Hawk    Vanguard    350r    Merchantman    Avenger    Orion    
------------------

Current Cards in Play
Carrack    Vanguard    350r    Carrack    350r    
------------------
Chosen category was Range
Values were: 10    5    2    10    2    
------------------

Communal pile
Carrack    Vanguard    350r    Carrack    350r    
------------------
Player hands at the opening of round 3
User's hand
m50    Constellation    Hornet    Sabre    Merchantman    Hawk    
Player 1's hand
Hornet    Idris    Idris    Hurricane    Merchantman    Avenger    Constellation    m50    Hurricane    Idris    Sabre    
Player 2's hand
Hurricane    Avenger    Avenger    Sabre    Orion    Vanguard    
Player 3's hand
Carrack    Constellation    Hornet    m50    Orion    Hawk    
Player 4's hand
Hawk    Vanguard    350r    Merchantman    Avenger    Orion    
------------------

Current Cards in Play
m50    Hornet    Hurricane    Carrack    Hawk    
------------------
Chosen category was Speed
Values were: 10    5    5    2    3    
------------------
Player hands at the opening of round 4
User's hand
Constellation    Hornet    Sabre    Merchantman    Hawk    Carrack    Vanguard    350r    Carrack    350r    m50    Hornet    Hurricane    Carrack    Hawk    
Player 1's hand
Idris    Idris    Hurricane    Merchantman    Avenger    Constellation    m50    Hurricane    Idris    Sabre    
Player 2's hand
Avenger    Avenger    Sabre    Orion    Vanguard    
Player 3's hand
Constellation    Hornet    m50    Orion    Hawk    
Player 4's hand
Vanguard    350r    Merchantman    Avenger    Orion    
------------------
